{"/Users/kareem/git/wanderia/server/services/user/app.js": {"path":"/Users/kareem/git/wanderia/server/services/user/app.js","statementMap":{"0":{"start":{"line":1,"column":16},"end":{"line":1,"column":34}},"1":{"start":{"line":2,"column":13},"end":{"line":2,"column":28}},"2":{"start":{"line":3,"column":39},"end":{"line":3,"column":66}},"3":{"start":{"line":4,"column":12},"end":{"line":4,"column":21}},"4":{"start":{"line":5,"column":15},"end":{"line":5,"column":35}},"5":{"start":{"line":6,"column":25},"end":{"line":6,"column":49}},"6":{"start":{"line":7,"column":13},"end":{"line":7,"column":37}},"7":{"start":{"line":9,"column":0},"end":{"line":9,"column":16}},"8":{"start":{"line":10,"column":0},"end":{"line":10,"column":48}},"9":{"start":{"line":11,"column":0},"end":{"line":11,"column":24}},"10":{"start":{"line":13,"column":0},"end":{"line":13,"column":21}},"11":{"start":{"line":14,"column":0},"end":{"line":14,"column":22}},"12":{"start":{"line":16,"column":0},"end":{"line":27,"column":1}},"13":{"start":{"line":17,"column":2},"end":{"line":26,"column":7}},"14":{"start":{"line":19,"column":6},"end":{"line":22,"column":9}},"15":{"start":{"line":20,"column":8},"end":{"line":20,"column":54}},"16":{"start":{"line":20,"column":17},"end":{"line":20,"column":54}},"17":{"start":{"line":21,"column":8},"end":{"line":21,"column":64}},"18":{"start":{"line":25,"column":6},"end":{"line":25,"column":25}},"19":{"start":{"line":29,"column":0},"end":{"line":29,"column":21}}},"fnMap":{"0":{"name":"(anonymous_0)","decl":{"start":{"line":18,"column":10},"end":{"line":18,"column":11}},"loc":{"start":{"line":18,"column":16},"end":{"line":23,"column":5}},"line":18},"1":{"name":"(anonymous_1)","decl":{"start":{"line":19,"column":23},"end":{"line":19,"column":24}},"loc":{"start":{"line":19,"column":38},"end":{"line":22,"column":7}},"line":19},"2":{"name":"(anonymous_2)","decl":{"start":{"line":24,"column":11},"end":{"line":24,"column":12}},"loc":{"start":{"line":24,"column":22},"end":{"line":26,"column":5}},"line":24}},"branchMap":{"0":{"loc":{"start":{"line":7,"column":13},"end":{"line":7,"column":37}},"type":"binary-expr","locations":[{"start":{"line":7,"column":13},"end":{"line":7,"column":29}},{"start":{"line":7,"column":33},"end":{"line":7,"column":37}}],"line":7},"1":{"loc":{"start":{"line":16,"column":0},"end":{"line":27,"column":1}},"type":"if","locations":[{"start":{"line":16,"column":0},"end":{"line":27,"column":1}},{"start":{},"end":{}}],"line":16},"2":{"loc":{"start":{"line":20,"column":8},"end":{"line":20,"column":54}},"type":"if","locations":[{"start":{"line":20,"column":8},"end":{"line":20,"column":54}},{"start":{},"end":{}}],"line":20}},"s":{"0":3,"1":3,"2":3,"3":3,"4":3,"5":3,"6":3,"7":3,"8":3,"9":3,"10":3,"11":3,"12":3,"13":0,"14":0,"15":0,"16":0,"17":0,"18":0,"19":3},"f":{"0":0,"1":0,"2":0},"b":{"0":[3,3],"1":[0,3],"2":[0,0]},"_coverageSchema":"1a1c01bbd47fc00a2c39e90264f33305004495a9","hash":"e488e4eb806328c763f39c01ffa0907765c9851e"}
,"/Users/kareem/git/wanderia/server/services/user/config/index.js": {"path":"/Users/kareem/git/wanderia/server/services/user/config/index.js","statementMap":{"0":{"start":{"line":1,"column":0},"end":{"line":9,"column":1}}},"fnMap":{},"branchMap":{"0":{"loc":{"start":{"line":3,"column":18},"end":{"line":3,"column":64}},"type":"binary-expr","locations":[{"start":{"line":3,"column":18},"end":{"line":3,"column":47}},{"start":{"line":3,"column":51},"end":{"line":3,"column":64}}],"line":3},"1":{"loc":{"start":{"line":4,"column":14},"end":{"line":4,"column":73}},"type":"binary-expr","locations":[{"start":{"line":4,"column":14},"end":{"line":4,"column":39}},{"start":{"line":4,"column":43},"end":{"line":4,"column":73}}],"line":4},"2":{"loc":{"start":{"line":5,"column":24},"end":{"line":5,"column":63}},"type":"binary-expr","locations":[{"start":{"line":5,"column":24},"end":{"line":5,"column":49}},{"start":{"line":5,"column":53},"end":{"line":5,"column":63}}],"line":5},"3":{"loc":{"start":{"line":6,"column":18},"end":{"line":6,"column":64}},"type":"binary-expr","locations":[{"start":{"line":6,"column":18},"end":{"line":6,"column":47}},{"start":{"line":6,"column":51},"end":{"line":6,"column":64}}],"line":6},"4":{"loc":{"start":{"line":7,"column":18},"end":{"line":7,"column":64}},"type":"binary-expr","locations":[{"start":{"line":7,"column":18},"end":{"line":7,"column":47}},{"start":{"line":7,"column":51},"end":{"line":7,"column":64}}],"line":7}},"s":{"0":3},"f":{},"b":{"0":[3,3],"1":[3,3],"2":[3,3],"3":[3,3],"4":[3,3]},"_coverageSchema":"1a1c01bbd47fc00a2c39e90264f33305004495a9","hash":"28e9bd1fa967aa3f2608830ee3e6d3f5358d7540"}
,"/Users/kareem/git/wanderia/server/services/user/config/mongodb.js": {"path":"/Users/kareem/git/wanderia/server/services/user/config/mongodb.js","statementMap":{"0":{"start":{"line":1,"column":42},"end":{"line":1,"column":60}},"1":{"start":{"line":2,"column":15},"end":{"line":2,"column":27}},"2":{"start":{"line":4,"column":12},"end":{"line":4,"column":148}},"3":{"start":{"line":5,"column":21},"end":{"line":5,"column":50}},"4":{"start":{"line":6,"column":15},"end":{"line":10,"column":2}},"5":{"start":{"line":15,"column":2},"end":{"line":27,"column":3}},"6":{"start":{"line":16,"column":4},"end":{"line":16,"column":33}},"7":{"start":{"line":17,"column":4},"end":{"line":21,"column":5}},"8":{"start":{"line":18,"column":6},"end":{"line":20,"column":8}},"9":{"start":{"line":22,"column":4},"end":{"line":22,"column":14}},"10":{"start":{"line":24,"column":4},"end":{"line":24,"column":25}},"11":{"start":{"line":25,"column":4},"end":{"line":25,"column":31}},"12":{"start":{"line":26,"column":4},"end":{"line":26,"column":16}},"13":{"start":{"line":31,"column":2},"end":{"line":31,"column":12}},"14":{"start":{"line":35,"column":2},"end":{"line":35,"column":16}},"15":{"start":{"line":38,"column":0},"end":{"line":38,"column":59}}},"fnMap":{"0":{"name":"runConnection","decl":{"start":{"line":14,"column":15},"end":{"line":14,"column":28}},"loc":{"start":{"line":14,"column":31},"end":{"line":28,"column":1}},"line":14},"1":{"name":"getDatabase","decl":{"start":{"line":30,"column":9},"end":{"line":30,"column":20}},"loc":{"start":{"line":30,"column":23},"end":{"line":32,"column":1}},"line":30},"2":{"name":"getClient","decl":{"start":{"line":34,"column":9},"end":{"line":34,"column":18}},"loc":{"start":{"line":34,"column":21},"end":{"line":36,"column":1}},"line":34}},"branchMap":{"0":{"loc":{"start":{"line":17,"column":4},"end":{"line":21,"column":5}},"type":"if","locations":[{"start":{"line":17,"column":4},"end":{"line":21,"column":5}},{"start":{},"end":{}}],"line":17}},"s":{"0":3,"1":3,"2":3,"3":3,"4":3,"5":3,"6":3,"7":3,"8":0,"9":3,"10":0,"11":0,"12":0,"13":69,"14":3,"15":3},"f":{"0":3,"1":69,"2":3},"b":{"0":[0,3]},"_coverageSchema":"1a1c01bbd47fc00a2c39e90264f33305004495a9","hash":"2ec1163407ffe3d0c9553cc503244a743e0d7d6f"}
,"/Users/kareem/git/wanderia/server/services/user/controllers/preferencesController.js": {"path":"/Users/kareem/git/wanderia/server/services/user/controllers/preferencesController.js","statementMap":{"0":{"start":{"line":1,"column":20},"end":{"line":1,"column":52}},"1":{"start":{"line":5,"column":4},"end":{"line":19,"column":5}},"2":{"start":{"line":6,"column":30},"end":{"line":6,"column":68}},"3":{"start":{"line":7,"column":23},"end":{"line":14,"column":8}},"4":{"start":{"line":8,"column":8},"end":{"line":13,"column":9}},"5":{"start":{"line":16,"column":6},"end":{"line":16,"column":37}},"6":{"start":{"line":18,"column":6},"end":{"line":18,"column":18}},"7":{"start":{"line":23,"column":4},"end":{"line":44,"column":5}},"8":{"start":{"line":24,"column":23},"end":{"line":24,"column":31}},"9":{"start":{"line":25,"column":6},"end":{"line":29,"column":7}},"10":{"start":{"line":26,"column":8},"end":{"line":28,"column":9}},"11":{"start":{"line":30,"column":19},"end":{"line":32,"column":8}},"12":{"start":{"line":34,"column":28},"end":{"line":34,"column":82}},"13":{"start":{"line":36,"column":6},"end":{"line":41,"column":9}},"14":{"start":{"line":43,"column":6},"end":{"line":43,"column":18}},"15":{"start":{"line":48,"column":4},"end":{"line":66,"column":5}},"16":{"start":{"line":50,"column":21},"end":{"line":50,"column":31}},"17":{"start":{"line":51,"column":30},"end":{"line":51,"column":71}},"18":{"start":{"line":52,"column":6},"end":{"line":56,"column":7}},"19":{"start":{"line":53,"column":8},"end":{"line":55,"column":9}},"20":{"start":{"line":58,"column":23},"end":{"line":62,"column":7}},"21":{"start":{"line":63,"column":6},"end":{"line":63,"column":37}},"22":{"start":{"line":65,"column":6},"end":{"line":65,"column":18}},"23":{"start":{"line":70,"column":4},"end":{"line":83,"column":5}},"24":{"start":{"line":71,"column":19},"end":{"line":71,"column":29}},"25":{"start":{"line":72,"column":28},"end":{"line":72,"column":69}},"26":{"start":{"line":73,"column":4},"end":{"line":77,"column":5}},"27":{"start":{"line":74,"column":8},"end":{"line":76,"column":9}},"28":{"start":{"line":78,"column":17},"end":{"line":78,"column":56}},"29":{"start":{"line":79,"column":4},"end":{"line":79,"column":59}},"30":{"start":{"line":82,"column":8},"end":{"line":82,"column":19}},"31":{"start":{"line":88,"column":0},"end":{"line":88,"column":39}}},"fnMap":{"0":{"name":"(anonymous_0)","decl":{"start":{"line":4,"column":2},"end":{"line":4,"column":3}},"loc":{"start":{"line":4,"column":50},"end":{"line":20,"column":3}},"line":4},"1":{"name":"(anonymous_1)","decl":{"start":{"line":7,"column":43},"end":{"line":7,"column":44}},"loc":{"start":{"line":7,"column":57},"end":{"line":14,"column":7}},"line":7},"2":{"name":"(anonymous_2)","decl":{"start":{"line":22,"column":2},"end":{"line":22,"column":3}},"loc":{"start":{"line":22,"column":51},"end":{"line":45,"column":3}},"line":22},"3":{"name":"(anonymous_3)","decl":{"start":{"line":47,"column":2},"end":{"line":47,"column":3}},"loc":{"start":{"line":47,"column":51},"end":{"line":67,"column":3}},"line":47},"4":{"name":"(anonymous_4)","decl":{"start":{"line":69,"column":2},"end":{"line":69,"column":3}},"loc":{"start":{"line":69,"column":49},"end":{"line":85,"column":1}},"line":69}},"branchMap":{"0":{"loc":{"start":{"line":11,"column":21},"end":{"line":11,"column":49}},"type":"binary-expr","locations":[{"start":{"line":11,"column":21},"end":{"line":11,"column":42}},{"start":{"line":11,"column":45},"end":{"line":11,"column":49}}],"line":11},"1":{"loc":{"start":{"line":12,"column":21},"end":{"line":12,"column":49}},"type":"binary-expr","locations":[{"start":{"line":12,"column":21},"end":{"line":12,"column":41}},{"start":{"line":12,"column":45},"end":{"line":12,"column":49}}],"line":12},"2":{"loc":{"start":{"line":25,"column":6},"end":{"line":29,"column":7}},"type":"if","locations":[{"start":{"line":25,"column":6},"end":{"line":29,"column":7}},{"start":{},"end":{}}],"line":25},"3":{"loc":{"start":{"line":52,"column":6},"end":{"line":56,"column":7}},"type":"if","locations":[{"start":{"line":52,"column":6},"end":{"line":56,"column":7}},{"start":{},"end":{}}],"line":52},"4":{"loc":{"start":{"line":60,"column":19},"end":{"line":60,"column":52}},"type":"binary-expr","locations":[{"start":{"line":60,"column":19},"end":{"line":60,"column":45}},{"start":{"line":60,"column":48},"end":{"line":60,"column":52}}],"line":60},"5":{"loc":{"start":{"line":61,"column":19},"end":{"line":61,"column":53}},"type":"binary-expr","locations":[{"start":{"line":61,"column":19},"end":{"line":61,"column":45}},{"start":{"line":61,"column":49},"end":{"line":61,"column":53}}],"line":61},"6":{"loc":{"start":{"line":73,"column":4},"end":{"line":77,"column":5}},"type":"if","locations":[{"start":{"line":73,"column":4},"end":{"line":77,"column":5}},{"start":{},"end":{}}],"line":73}},"s":{"0":3,"1":4,"2":4,"3":3,"4":13,"5":3,"6":1,"7":2,"8":2,"9":2,"10":0,"11":2,"12":1,"13":1,"14":1,"15":3,"16":3,"17":3,"18":2,"19":1,"20":1,"21":1,"22":2,"23":1,"24":1,"25":1,"26":1,"27":0,"28":1,"29":1,"30":0,"31":3},"f":{"0":4,"1":13,"2":2,"3":3,"4":1},"b":{"0":[13,3],"1":[13,13],"2":[0,2],"3":[1,1],"4":[1,0],"5":[1,1],"6":[0,1]},"_coverageSchema":"1a1c01bbd47fc00a2c39e90264f33305004495a9","hash":"e1dcfdbd6300b8fcd01ccdcb8b23bb50dd31226d"}
,"/Users/kareem/git/wanderia/server/services/user/controllers/userController.js": {"path":"/Users/kareem/git/wanderia/server/services/user/controllers/userController.js","statementMap":{"0":{"start":{"line":1,"column":38},"end":{"line":1,"column":66}},"1":{"start":{"line":2,"column":24},"end":{"line":2,"column":49}},"2":{"start":{"line":3,"column":13},"end":{"line":3,"column":39}},"3":{"start":{"line":4,"column":15},"end":{"line":4,"column":34}},"4":{"start":{"line":8,"column":4},"end":{"line":24,"column":5}},"5":{"start":{"line":9,"column":24},"end":{"line":9,"column":48}},"6":{"start":{"line":10,"column":23},"end":{"line":19,"column":8}},"7":{"start":{"line":11,"column":8},"end":{"line":18,"column":10}},"8":{"start":{"line":21,"column":6},"end":{"line":21,"column":37}},"9":{"start":{"line":23,"column":6},"end":{"line":23,"column":18}},"10":{"start":{"line":28,"column":4},"end":{"line":56,"column":5}},"11":{"start":{"line":30,"column":8},"end":{"line":30,"column":16}},"12":{"start":{"line":31,"column":19},"end":{"line":39,"column":8}},"13":{"start":{"line":41,"column":22},"end":{"line":41,"column":62}},"14":{"start":{"line":43,"column":6},"end":{"line":53,"column":9}},"15":{"start":{"line":55,"column":6},"end":{"line":55,"column":18}},"16":{"start":{"line":60,"column":4},"end":{"line":88,"column":5}},"17":{"start":{"line":61,"column":34},"end":{"line":61,"column":42}},"18":{"start":{"line":62,"column":6},"end":{"line":64,"column":7}},"19":{"start":{"line":63,"column":8},"end":{"line":63,"column":40}},"20":{"start":{"line":65,"column":6},"end":{"line":67,"column":7}},"21":{"start":{"line":66,"column":8},"end":{"line":66,"column":43}},"22":{"start":{"line":69,"column":30},"end":{"line":69,"column":63}},"23":{"start":{"line":70,"column":6},"end":{"line":72,"column":7}},"24":{"start":{"line":71,"column":8},"end":{"line":71,"column":45}},"25":{"start":{"line":73,"column":23},"end":{"line":73,"column":70}},"26":{"start":{"line":74,"column":6},"end":{"line":76,"column":7}},"27":{"start":{"line":75,"column":8},"end":{"line":75,"column":45}},"28":{"start":{"line":77,"column":22},"end":{"line":82,"column":7}},"29":{"start":{"line":83,"column":27},"end":{"line":83,"column":47}},"30":{"start":{"line":85,"column":6},"end":{"line":85,"column":45}},"31":{"start":{"line":87,"column":6},"end":{"line":87,"column":18}},"32":{"start":{"line":92,"column":4},"end":{"line":110,"column":5}},"33":{"start":{"line":93,"column":21},"end":{"line":93,"column":31}},"34":{"start":{"line":94,"column":23},"end":{"line":94,"column":50}},"35":{"start":{"line":95,"column":6},"end":{"line":99,"column":7}},"36":{"start":{"line":96,"column":8},"end":{"line":98,"column":10}},"37":{"start":{"line":101,"column":23},"end":{"line":106,"column":7}},"38":{"start":{"line":107,"column":6},"end":{"line":107,"column":37}},"39":{"start":{"line":109,"column":6},"end":{"line":109,"column":18}},"40":{"start":{"line":114,"column":4},"end":{"line":144,"column":5}},"41":{"start":{"line":115,"column":21},"end":{"line":115,"column":31}},"42":{"start":{"line":116,"column":65},"end":{"line":116,"column":73}},"43":{"start":{"line":117,"column":23},"end":{"line":117,"column":50}},"44":{"start":{"line":118,"column":6},"end":{"line":122,"column":7}},"45":{"start":{"line":119,"column":8},"end":{"line":121,"column":10}},"46":{"start":{"line":123,"column":19},"end":{"line":129,"column":8}},"47":{"start":{"line":130,"column":23},"end":{"line":140,"column":7}},"48":{"start":{"line":141,"column":6},"end":{"line":141,"column":37}},"49":{"start":{"line":143,"column":6},"end":{"line":143,"column":18}},"50":{"start":{"line":148,"column":4},"end":{"line":183,"column":5}},"51":{"start":{"line":149,"column":27},"end":{"line":149,"column":37}},"52":{"start":{"line":150,"column":25},"end":{"line":150,"column":47}},"53":{"start":{"line":151,"column":6},"end":{"line":155,"column":7}},"54":{"start":{"line":152,"column":8},"end":{"line":154,"column":10}},"55":{"start":{"line":158,"column":6},"end":{"line":162,"column":7}},"56":{"start":{"line":159,"column":8},"end":{"line":161,"column":10}},"57":{"start":{"line":164,"column":23},"end":{"line":164,"column":50}},"58":{"start":{"line":165,"column":6},"end":{"line":169,"column":7}},"59":{"start":{"line":166,"column":8},"end":{"line":168,"column":10}},"60":{"start":{"line":170,"column":19},"end":{"line":172,"column":8}},"61":{"start":{"line":173,"column":23},"end":{"line":179,"column":7}},"62":{"start":{"line":180,"column":6},"end":{"line":180,"column":37}},"63":{"start":{"line":182,"column":6},"end":{"line":182,"column":18}},"64":{"start":{"line":187,"column":4},"end":{"line":199,"column":5}},"65":{"start":{"line":188,"column":21},"end":{"line":188,"column":31}},"66":{"start":{"line":189,"column":24},"end":{"line":189,"column":51}},"67":{"start":{"line":190,"column":6},"end":{"line":194,"column":7}},"68":{"start":{"line":191,"column":8},"end":{"line":193,"column":10}},"69":{"start":{"line":195,"column":19},"end":{"line":195,"column":44}},"70":{"start":{"line":196,"column":6},"end":{"line":196,"column":65}},"71":{"start":{"line":198,"column":6},"end":{"line":198,"column":18}},"72":{"start":{"line":203,"column":0},"end":{"line":203,"column":32}}},"fnMap":{"0":{"name":"(anonymous_0)","decl":{"start":{"line":7,"column":2},"end":{"line":7,"column":3}},"loc":{"start":{"line":7,"column":43},"end":{"line":25,"column":3}},"line":7},"1":{"name":"(anonymous_1)","decl":{"start":{"line":10,"column":37},"end":{"line":10,"column":38}},"loc":{"start":{"line":10,"column":47},"end":{"line":19,"column":7}},"line":10},"2":{"name":"(anonymous_2)","decl":{"start":{"line":27,"column":2},"end":{"line":27,"column":3}},"loc":{"start":{"line":27,"column":44},"end":{"line":57,"column":3}},"line":27},"3":{"name":"(anonymous_3)","decl":{"start":{"line":59,"column":2},"end":{"line":59,"column":3}},"loc":{"start":{"line":59,"column":41},"end":{"line":89,"column":3}},"line":59},"4":{"name":"(anonymous_4)","decl":{"start":{"line":91,"column":2},"end":{"line":91,"column":3}},"loc":{"start":{"line":91,"column":44},"end":{"line":111,"column":3}},"line":91},"5":{"name":"(anonymous_5)","decl":{"start":{"line":113,"column":2},"end":{"line":113,"column":3}},"loc":{"start":{"line":113,"column":46},"end":{"line":145,"column":3}},"line":113},"6":{"name":"(anonymous_6)","decl":{"start":{"line":147,"column":2},"end":{"line":147,"column":3}},"loc":{"start":{"line":147,"column":50},"end":{"line":184,"column":3}},"line":147},"7":{"name":"(anonymous_7)","decl":{"start":{"line":186,"column":2},"end":{"line":186,"column":3}},"loc":{"start":{"line":186,"column":42},"end":{"line":200,"column":3}},"line":186}},"branchMap":{"0":{"loc":{"start":{"line":16,"column":21},"end":{"line":16,"column":44}},"type":"binary-expr","locations":[{"start":{"line":16,"column":21},"end":{"line":16,"column":36}},{"start":{"line":16,"column":40},"end":{"line":16,"column":44}}],"line":16},"1":{"loc":{"start":{"line":17,"column":21},"end":{"line":17,"column":43}},"type":"binary-expr","locations":[{"start":{"line":17,"column":21},"end":{"line":17,"column":35}},{"start":{"line":17,"column":39},"end":{"line":17,"column":43}}],"line":17},"2":{"loc":{"start":{"line":51,"column":19},"end":{"line":51,"column":45}},"type":"binary-expr","locations":[{"start":{"line":51,"column":19},"end":{"line":51,"column":37}},{"start":{"line":51,"column":41},"end":{"line":51,"column":45}}],"line":51},"3":{"loc":{"start":{"line":62,"column":6},"end":{"line":64,"column":7}},"type":"if","locations":[{"start":{"line":62,"column":6},"end":{"line":64,"column":7}},{"start":{},"end":{}}],"line":62},"4":{"loc":{"start":{"line":65,"column":6},"end":{"line":67,"column":7}},"type":"if","locations":[{"start":{"line":65,"column":6},"end":{"line":67,"column":7}},{"start":{},"end":{}}],"line":65},"5":{"loc":{"start":{"line":70,"column":6},"end":{"line":72,"column":7}},"type":"if","locations":[{"start":{"line":70,"column":6},"end":{"line":72,"column":7}},{"start":{},"end":{}}],"line":70},"6":{"loc":{"start":{"line":74,"column":6},"end":{"line":76,"column":7}},"type":"if","locations":[{"start":{"line":74,"column":6},"end":{"line":76,"column":7}},{"start":{},"end":{}}],"line":74},"7":{"loc":{"start":{"line":81,"column":14},"end":{"line":81,"column":44}},"type":"binary-expr","locations":[{"start":{"line":81,"column":14},"end":{"line":81,"column":34}},{"start":{"line":81,"column":38},"end":{"line":81,"column":44}}],"line":81},"8":{"loc":{"start":{"line":95,"column":6},"end":{"line":99,"column":7}},"type":"if","locations":[{"start":{"line":95,"column":6},"end":{"line":99,"column":7}},{"start":{},"end":{}}],"line":95},"9":{"loc":{"start":{"line":105,"column":19},"end":{"line":105,"column":46}},"type":"binary-expr","locations":[{"start":{"line":105,"column":19},"end":{"line":105,"column":38}},{"start":{"line":105,"column":42},"end":{"line":105,"column":46}}],"line":105},"10":{"loc":{"start":{"line":118,"column":6},"end":{"line":122,"column":7}},"type":"if","locations":[{"start":{"line":118,"column":6},"end":{"line":122,"column":7}},{"start":{},"end":{}}],"line":118},"11":{"loc":{"start":{"line":139,"column":19},"end":{"line":139,"column":42}},"type":"binary-expr","locations":[{"start":{"line":139,"column":19},"end":{"line":139,"column":34}},{"start":{"line":139,"column":38},"end":{"line":139,"column":42}}],"line":139},"12":{"loc":{"start":{"line":151,"column":6},"end":{"line":155,"column":7}},"type":"if","locations":[{"start":{"line":151,"column":6},"end":{"line":155,"column":7}},{"start":{},"end":{}}],"line":151},"13":{"loc":{"start":{"line":158,"column":6},"end":{"line":162,"column":7}},"type":"if","locations":[{"start":{"line":158,"column":6},"end":{"line":162,"column":7}},{"start":{},"end":{}}],"line":158},"14":{"loc":{"start":{"line":165,"column":6},"end":{"line":169,"column":7}},"type":"if","locations":[{"start":{"line":165,"column":6},"end":{"line":169,"column":7}},{"start":{},"end":{}}],"line":165},"15":{"loc":{"start":{"line":178,"column":19},"end":{"line":178,"column":42}},"type":"binary-expr","locations":[{"start":{"line":178,"column":19},"end":{"line":178,"column":34}},{"start":{"line":178,"column":38},"end":{"line":178,"column":42}}],"line":178},"16":{"loc":{"start":{"line":190,"column":6},"end":{"line":194,"column":7}},"type":"if","locations":[{"start":{"line":190,"column":6},"end":{"line":194,"column":7}},{"start":{},"end":{}}],"line":190}},"s":{"0":3,"1":3,"2":3,"3":3,"4":1,"5":1,"6":1,"7":3,"8":1,"9":0,"10":2,"11":2,"12":2,"13":1,"14":1,"15":1,"16":8,"17":8,"18":8,"19":1,"20":7,"21":1,"22":6,"23":6,"24":2,"25":4,"26":4,"27":0,"28":4,"29":4,"30":4,"31":4,"32":3,"33":3,"34":3,"35":2,"36":1,"37":1,"38":1,"39":2,"40":3,"41":3,"42":3,"43":3,"44":3,"45":1,"46":2,"47":1,"48":1,"49":2,"50":4,"51":4,"52":4,"53":4,"54":1,"55":3,"56":1,"57":2,"58":2,"59":1,"60":1,"61":1,"62":1,"63":3,"64":2,"65":2,"66":2,"67":2,"68":1,"69":1,"70":1,"71":1,"72":3},"f":{"0":1,"1":3,"2":2,"3":8,"4":3,"5":3,"6":4,"7":2},"b":{"0":[3,0],"1":[3,3],"2":[1,0],"3":[1,7],"4":[1,6],"5":[2,4],"6":[0,4],"7":[4,0],"8":[1,1],"9":[1,1],"10":[1,2],"11":[1,0],"12":[1,3],"13":[1,2],"14":[1,1],"15":[1,0],"16":[1,1]},"_coverageSchema":"1a1c01bbd47fc00a2c39e90264f33305004495a9","hash":"1fdaa48265a8cdc92763452f57e5539ce6b7b67b"}
,"/Users/kareem/git/wanderia/server/services/user/controllers/userPreferencesController.js": {"path":"/Users/kareem/git/wanderia/server/services/user/controllers/userPreferencesController.js","statementMap":{"0":{"start":{"line":1,"column":20},"end":{"line":1,"column":52}},"1":{"start":{"line":2,"column":24},"end":{"line":2,"column":60}},"2":{"start":{"line":24,"column":4},"end":{"line":52,"column":5}},"3":{"start":{"line":25,"column":21},"end":{"line":25,"column":33}},"4":{"start":{"line":26,"column":31},"end":{"line":26,"column":39}},"5":{"start":{"line":28,"column":6},"end":{"line":32,"column":7}},"6":{"start":{"line":29,"column":8},"end":{"line":31,"column":9}},"7":{"start":{"line":34,"column":19},"end":{"line":37,"column":7}},"8":{"start":{"line":39,"column":28},"end":{"line":41,"column":7}},"9":{"start":{"line":43,"column":6},"end":{"line":49,"column":9}},"10":{"start":{"line":51,"column":6},"end":{"line":51,"column":18}},"11":{"start":{"line":56,"column":4},"end":{"line":75,"column":5}},"12":{"start":{"line":57,"column":34},"end":{"line":57,"column":96}},"13":{"start":{"line":59,"column":28},"end":{"line":69,"column":9}},"14":{"start":{"line":60,"column":27},"end":{"line":60,"column":93}},"15":{"start":{"line":61,"column":8},"end":{"line":68,"column":9}},"16":{"start":{"line":72,"column":6},"end":{"line":72,"column":42}},"17":{"start":{"line":74,"column":6},"end":{"line":74,"column":18}},"18":{"start":{"line":79,"column":4},"end":{"line":93,"column":5}},"19":{"start":{"line":80,"column":21},"end":{"line":80,"column":31}},"20":{"start":{"line":81,"column":34},"end":{"line":83,"column":7}},"21":{"start":{"line":84,"column":6},"end":{"line":88,"column":7}},"22":{"start":{"line":85,"column":8},"end":{"line":87,"column":10}},"23":{"start":{"line":89,"column":19},"end":{"line":89,"column":66}},"24":{"start":{"line":90,"column":6},"end":{"line":90,"column":65}},"25":{"start":{"line":92,"column":6},"end":{"line":92,"column":18}},"26":{"start":{"line":97,"column":0},"end":{"line":97,"column":43}}},"fnMap":{"0":{"name":"(anonymous_0)","decl":{"start":{"line":23,"column":2},"end":{"line":23,"column":3}},"loc":{"start":{"line":23,"column":55},"end":{"line":53,"column":3}},"line":23},"1":{"name":"(anonymous_1)","decl":{"start":{"line":55,"column":2},"end":{"line":55,"column":3}},"loc":{"start":{"line":55,"column":59},"end":{"line":76,"column":3}},"line":55},"2":{"name":"(anonymous_2)","decl":{"start":{"line":59,"column":70},"end":{"line":59,"column":71}},"loc":{"start":{"line":59,"column":96},"end":{"line":69,"column":7}},"line":59},"3":{"name":"(anonymous_3)","decl":{"start":{"line":78,"column":2},"end":{"line":78,"column":3}},"loc":{"start":{"line":78,"column":53},"end":{"line":94,"column":3}},"line":78}},"branchMap":{"0":{"loc":{"start":{"line":28,"column":6},"end":{"line":32,"column":7}},"type":"if","locations":[{"start":{"line":28,"column":6},"end":{"line":32,"column":7}},{"start":{},"end":{}}],"line":28},"1":{"loc":{"start":{"line":47,"column":19},"end":{"line":47,"column":51}},"type":"binary-expr","locations":[{"start":{"line":47,"column":19},"end":{"line":47,"column":43}},{"start":{"line":47,"column":47},"end":{"line":47,"column":51}}],"line":47},"2":{"loc":{"start":{"line":66,"column":21},"end":{"line":66,"column":54}},"type":"binary-expr","locations":[{"start":{"line":66,"column":21},"end":{"line":66,"column":46}},{"start":{"line":66,"column":50},"end":{"line":66,"column":54}}],"line":66},"3":{"loc":{"start":{"line":67,"column":21},"end":{"line":67,"column":53}},"type":"binary-expr","locations":[{"start":{"line":67,"column":21},"end":{"line":67,"column":45}},{"start":{"line":67,"column":49},"end":{"line":67,"column":53}}],"line":67},"4":{"loc":{"start":{"line":84,"column":6},"end":{"line":88,"column":7}},"type":"if","locations":[{"start":{"line":84,"column":6},"end":{"line":88,"column":7}},{"start":{},"end":{}}],"line":84}},"s":{"0":3,"1":3,"2":3,"3":3,"4":3,"5":3,"6":1,"7":2,"8":1,"9":1,"10":2,"11":1,"12":1,"13":1,"14":2,"15":2,"16":1,"17":0,"18":3,"19":3,"20":3,"21":2,"22":1,"23":1,"24":1,"25":2,"26":3},"f":{"0":3,"1":1,"2":2,"3":3},"b":{"0":[1,2],"1":[1,0],"2":[2,0],"3":[2,2],"4":[1,1]},"_coverageSchema":"1a1c01bbd47fc00a2c39e90264f33305004495a9","hash":"a2ee23872ca3d2c35b3025d25d28f5a8c360a39d"}
,"/Users/kareem/git/wanderia/server/services/user/helpers/bcrypt.js": {"path":"/Users/kareem/git/wanderia/server/services/user/helpers/bcrypt.js","statementMap":{"0":{"start":{"line":1,"column":15},"end":{"line":1,"column":34}},"1":{"start":{"line":3,"column":21},"end":{"line":5,"column":1}},"2":{"start":{"line":4,"column":4},"end":{"line":4,"column":41}},"3":{"start":{"line":7,"column":20},"end":{"line":9,"column":1}},"4":{"start":{"line":8,"column":4},"end":{"line":8,"column":54}},"5":{"start":{"line":11,"column":0},"end":{"line":11,"column":47}}},"fnMap":{"0":{"name":"(anonymous_0)","decl":{"start":{"line":3,"column":21},"end":{"line":3,"column":22}},"loc":{"start":{"line":3,"column":41},"end":{"line":5,"column":1}},"line":3},"1":{"name":"(anonymous_1)","decl":{"start":{"line":7,"column":20},"end":{"line":7,"column":21}},"loc":{"start":{"line":7,"column":54},"end":{"line":9,"column":1}},"line":7}},"branchMap":{},"s":{"0":3,"1":3,"2":0,"3":3,"4":4,"5":3},"f":{"0":0,"1":4},"b":{},"_coverageSchema":"1a1c01bbd47fc00a2c39e90264f33305004495a9","hash":"9669b88bd9450d43182701c5c756ceaf9e694a07"}
,"/Users/kareem/git/wanderia/server/services/user/helpers/jwt.js": {"path":"/Users/kareem/git/wanderia/server/services/user/helpers/jwt.js","statementMap":{"0":{"start":{"line":1,"column":12},"end":{"line":1,"column":35}},"1":{"start":{"line":3,"column":15},"end":{"line":3,"column":38}},"2":{"start":{"line":5,"column":20},"end":{"line":7,"column":1}},"3":{"start":{"line":6,"column":4},"end":{"line":6,"column":37}},"4":{"start":{"line":9,"column":20},"end":{"line":11,"column":1}},"5":{"start":{"line":10,"column":4},"end":{"line":10,"column":37}},"6":{"start":{"line":13,"column":0},"end":{"line":13,"column":46}}},"fnMap":{"0":{"name":"(anonymous_0)","decl":{"start":{"line":5,"column":20},"end":{"line":5,"column":21}},"loc":{"start":{"line":5,"column":39},"end":{"line":7,"column":1}},"line":5},"1":{"name":"(anonymous_1)","decl":{"start":{"line":9,"column":20},"end":{"line":9,"column":21}},"loc":{"start":{"line":9,"column":37},"end":{"line":11,"column":1}},"line":9}},"branchMap":{},"s":{"0":3,"1":3,"2":3,"3":4,"4":3,"5":25,"6":3},"f":{"0":4,"1":25},"b":{},"_coverageSchema":"1a1c01bbd47fc00a2c39e90264f33305004495a9","hash":"62ce5be97afc4f9a93708a22cdc29d7914cda55a"}
,"/Users/kareem/git/wanderia/server/services/user/middlewares/authentication.js": {"path":"/Users/kareem/git/wanderia/server/services/user/middlewares/authentication.js","statementMap":{"0":{"start":{"line":1,"column":13},"end":{"line":1,"column":39}},"1":{"start":{"line":2,"column":24},"end":{"line":2,"column":49}},"2":{"start":{"line":4,"column":23},"end":{"line":26,"column":1}},"3":{"start":{"line":5,"column":2},"end":{"line":25,"column":3}},"4":{"start":{"line":6,"column":29},"end":{"line":6,"column":40}},"5":{"start":{"line":9,"column":32},"end":{"line":9,"column":57}},"6":{"start":{"line":12,"column":26},"end":{"line":12,"column":73}},"7":{"start":{"line":14,"column":4},"end":{"line":22,"column":5}},"8":{"start":{"line":16,"column":6},"end":{"line":16,"column":31}},"9":{"start":{"line":18,"column":6},"end":{"line":18,"column":20}},"10":{"start":{"line":21,"column":6},"end":{"line":21,"column":40}},"11":{"start":{"line":24,"column":4},"end":{"line":24,"column":16}},"12":{"start":{"line":28,"column":0},"end":{"line":28,"column":32}}},"fnMap":{"0":{"name":"(anonymous_0)","decl":{"start":{"line":4,"column":23},"end":{"line":4,"column":24}},"loc":{"start":{"line":4,"column":49},"end":{"line":26,"column":1}},"line":4}},"branchMap":{"0":{"loc":{"start":{"line":14,"column":4},"end":{"line":22,"column":5}},"type":"if","locations":[{"start":{"line":14,"column":4},"end":{"line":22,"column":5}},{"start":{"line":19,"column":11},"end":{"line":22,"column":5}}],"line":14}},"s":{"0":3,"1":3,"2":3,"3":25,"4":25,"5":25,"6":24,"7":24,"8":23,"9":23,"10":1,"11":2,"12":3},"f":{"0":25},"b":{"0":[23,1]},"_coverageSchema":"1a1c01bbd47fc00a2c39e90264f33305004495a9","hash":"00605f846ad3aeb6b9ce4fdb4ebbe565a276b9b0"}
,"/Users/kareem/git/wanderia/server/services/user/middlewares/errorHandler.js": {"path":"/Users/kareem/git/wanderia/server/services/user/middlewares/errorHandler.js","statementMap":{"0":{"start":{"line":1,"column":22},"end":{"line":69,"column":1}},"1":{"start":{"line":3,"column":13},"end":{"line":3,"column":16}},"2":{"start":{"line":4,"column":12},"end":{"line":4,"column":25}},"3":{"start":{"line":5,"column":2},"end":{"line":59,"column":3}},"4":{"start":{"line":8,"column":6},"end":{"line":8,"column":17}},"5":{"start":{"line":9,"column":6},"end":{"line":9,"column":28}},"6":{"start":{"line":10,"column":6},"end":{"line":10,"column":12}},"7":{"start":{"line":13,"column":6},"end":{"line":13,"column":17}},"8":{"start":{"line":14,"column":6},"end":{"line":14,"column":39}},"9":{"start":{"line":15,"column":6},"end":{"line":15,"column":12}},"10":{"start":{"line":17,"column":6},"end":{"line":17,"column":17}},"11":{"start":{"line":18,"column":6},"end":{"line":18,"column":31}},"12":{"start":{"line":19,"column":6},"end":{"line":19,"column":12}},"13":{"start":{"line":21,"column":6},"end":{"line":21,"column":17}},"14":{"start":{"line":22,"column":6},"end":{"line":22,"column":32}},"15":{"start":{"line":23,"column":6},"end":{"line":23,"column":12}},"16":{"start":{"line":25,"column":6},"end":{"line":25,"column":17}},"17":{"start":{"line":26,"column":6},"end":{"line":26,"column":35}},"18":{"start":{"line":27,"column":6},"end":{"line":27,"column":12}},"19":{"start":{"line":29,"column":6},"end":{"line":29,"column":17}},"20":{"start":{"line":30,"column":6},"end":{"line":30,"column":37}},"21":{"start":{"line":31,"column":6},"end":{"line":31,"column":12}},"22":{"start":{"line":33,"column":6},"end":{"line":33,"column":17}},"23":{"start":{"line":34,"column":6},"end":{"line":34,"column":27}},"24":{"start":{"line":35,"column":6},"end":{"line":35,"column":12}},"25":{"start":{"line":37,"column":6},"end":{"line":37,"column":17}},"26":{"start":{"line":38,"column":6},"end":{"line":38,"column":27}},"27":{"start":{"line":39,"column":6},"end":{"line":39,"column":12}},"28":{"start":{"line":41,"column":6},"end":{"line":41,"column":17}},"29":{"start":{"line":42,"column":6},"end":{"line":42,"column":30}},"30":{"start":{"line":43,"column":6},"end":{"line":43,"column":12}},"31":{"start":{"line":45,"column":6},"end":{"line":45,"column":17}},"32":{"start":{"line":46,"column":6},"end":{"line":46,"column":36}},"33":{"start":{"line":47,"column":6},"end":{"line":47,"column":12}},"34":{"start":{"line":49,"column":6},"end":{"line":49,"column":17}},"35":{"start":{"line":50,"column":6},"end":{"line":50,"column":24}},"36":{"start":{"line":51,"column":6},"end":{"line":51,"column":12}},"37":{"start":{"line":53,"column":6},"end":{"line":55,"column":7}},"38":{"start":{"line":54,"column":8},"end":{"line":54,"column":19}},"39":{"start":{"line":58,"column":6},"end":{"line":58,"column":12}},"40":{"start":{"line":61,"column":24},"end":{"line":64,"column":3}},"41":{"start":{"line":66,"column":2},"end":{"line":66,"column":30}},"42":{"start":{"line":68,"column":2},"end":{"line":68,"column":39}},"43":{"start":{"line":71,"column":0},"end":{"line":71,"column":31}}},"fnMap":{"0":{"name":"(anonymous_0)","decl":{"start":{"line":1,"column":22},"end":{"line":1,"column":23}},"loc":{"start":{"line":1,"column":49},"end":{"line":69,"column":1}},"line":1}},"branchMap":{"0":{"loc":{"start":{"line":5,"column":2},"end":{"line":59,"column":3}},"type":"switch","locations":[{"start":{"line":7,"column":4},"end":{"line":10,"column":12}},{"start":{"line":12,"column":4},"end":{"line":15,"column":12}},{"start":{"line":16,"column":4},"end":{"line":19,"column":12}},{"start":{"line":20,"column":4},"end":{"line":23,"column":12}},{"start":{"line":24,"column":4},"end":{"line":27,"column":12}},{"start":{"line":28,"column":4},"end":{"line":31,"column":12}},{"start":{"line":32,"column":4},"end":{"line":35,"column":12}},{"start":{"line":36,"column":4},"end":{"line":39,"column":12}},{"start":{"line":40,"column":4},"end":{"line":43,"column":12}},{"start":{"line":44,"column":4},"end":{"line":47,"column":12}},{"start":{"line":48,"column":4},"end":{"line":51,"column":12}},{"start":{"line":52,"column":4},"end":{"line":56,"column":5}},{"start":{"line":57,"column":4},"end":{"line":58,"column":12}}],"line":5},"1":{"loc":{"start":{"line":53,"column":6},"end":{"line":55,"column":7}},"type":"if","locations":[{"start":{"line":53,"column":6},"end":{"line":55,"column":7}},{"start":{},"end":{}}],"line":53}},"s":{"0":3,"1":23,"2":23,"3":23,"4":1,"5":1,"6":1,"7":1,"8":1,"9":1,"10":0,"11":0,"12":0,"13":1,"14":1,"15":1,"16":1,"17":1,"18":1,"19":2,"20":2,"21":2,"22":1,"23":1,"24":1,"25":1,"26":1,"27":1,"28":1,"29":1,"30":1,"31":2,"32":2,"33":2,"34":7,"35":7,"36":7,"37":2,"38":2,"39":5,"40":23,"41":23,"42":23,"43":3},"f":{"0":23},"b":{"0":[1,1,0,1,1,2,1,1,1,2,7,2,5],"1":[2,0]},"_coverageSchema":"1a1c01bbd47fc00a2c39e90264f33305004495a9","hash":"0f577a5c9b1f3daf10b0f89f7727605c304d570c"}
,"/Users/kareem/git/wanderia/server/services/user/middlewares/index.js": {"path":"/Users/kareem/git/wanderia/server/services/user/middlewares/index.js","statementMap":{"0":{"start":{"line":1,"column":0},"end":{"line":4,"column":2}}},"fnMap":{},"branchMap":{},"s":{"0":3},"f":{},"b":{},"_coverageSchema":"1a1c01bbd47fc00a2c39e90264f33305004495a9","hash":"819edec966651ee15300289e61fc046b4e008075"}
,"/Users/kareem/git/wanderia/server/services/user/models/preferences.js": {"path":"/Users/kareem/git/wanderia/server/services/user/models/preferences.js","statementMap":{"0":{"start":{"line":1,"column":21},"end":{"line":1,"column":39}},"1":{"start":{"line":2,"column":24},"end":{"line":2,"column":52}},"2":{"start":{"line":7,"column":8},"end":{"line":17,"column":10}},"3":{"start":{"line":8,"column":23},"end":{"line":8,"column":36}},"4":{"start":{"line":9,"column":42},"end":{"line":9,"column":70}},"5":{"start":{"line":10,"column":12},"end":{"line":16,"column":18}},"6":{"start":{"line":12,"column":20},"end":{"line":12,"column":44}},"7":{"start":{"line":15,"column":20},"end":{"line":15,"column":33}},"8":{"start":{"line":29,"column":8},"end":{"line":40,"column":9}},"9":{"start":{"line":30,"column":25},"end":{"line":33,"column":13}},"10":{"start":{"line":34,"column":23},"end":{"line":34,"column":36}},"11":{"start":{"line":35,"column":42},"end":{"line":35,"column":70}},"12":{"start":{"line":36,"column":27},"end":{"line":36,"column":70}},"13":{"start":{"line":37,"column":12},"end":{"line":37,"column":25}},"14":{"start":{"line":39,"column":12},"end":{"line":39,"column":23}},"15":{"start":{"line":44,"column":8},"end":{"line":53,"column":9}},"16":{"start":{"line":45,"column":23},"end":{"line":45,"column":36}},"17":{"start":{"line":46,"column":42},"end":{"line":46,"column":70}},"18":{"start":{"line":47,"column":25},"end":{"line":49,"column":14}},"19":{"start":{"line":50,"column":12},"end":{"line":50,"column":23}},"20":{"start":{"line":52,"column":12},"end":{"line":52,"column":23}},"21":{"start":{"line":57,"column":8},"end":{"line":66,"column":9}},"22":{"start":{"line":58,"column":23},"end":{"line":58,"column":36}},"23":{"start":{"line":59,"column":42},"end":{"line":59,"column":70}},"24":{"start":{"line":60,"column":25},"end":{"line":62,"column":14}},"25":{"start":{"line":63,"column":12},"end":{"line":63,"column":23}},"26":{"start":{"line":65,"column":12},"end":{"line":65,"column":23}},"27":{"start":{"line":74,"column":0},"end":{"line":74,"column":28}}},"fnMap":{"0":{"name":"(anonymous_0)","decl":{"start":{"line":6,"column":4},"end":{"line":6,"column":5}},"loc":{"start":{"line":6,"column":38},"end":{"line":26,"column":5}},"line":6},"1":{"name":"(anonymous_1)","decl":{"start":{"line":7,"column":27},"end":{"line":7,"column":28}},"loc":{"start":{"line":7,"column":48},"end":{"line":17,"column":9}},"line":7},"2":{"name":"(anonymous_2)","decl":{"start":{"line":11,"column":22},"end":{"line":11,"column":23}},"loc":{"start":{"line":11,"column":41},"end":{"line":13,"column":17}},"line":11},"3":{"name":"(anonymous_3)","decl":{"start":{"line":14,"column":23},"end":{"line":14,"column":24}},"loc":{"start":{"line":14,"column":32},"end":{"line":16,"column":17}},"line":14},"4":{"name":"(anonymous_4)","decl":{"start":{"line":28,"column":4},"end":{"line":28,"column":5}},"loc":{"start":{"line":28,"column":52},"end":{"line":41,"column":5}},"line":28},"5":{"name":"(anonymous_5)","decl":{"start":{"line":43,"column":4},"end":{"line":43,"column":5}},"loc":{"start":{"line":43,"column":41},"end":{"line":54,"column":5}},"line":43},"6":{"name":"(anonymous_6)","decl":{"start":{"line":56,"column":4},"end":{"line":56,"column":5}},"loc":{"start":{"line":56,"column":39},"end":{"line":67,"column":5}},"line":56}},"branchMap":{},"s":{"0":3,"1":3,"2":3,"3":3,"4":3,"5":3,"6":3,"7":0,"8":1,"9":1,"10":1,"11":1,"12":1,"13":1,"14":0,"15":9,"16":9,"17":9,"18":9,"19":8,"20":1,"21":1,"22":1,"23":1,"24":1,"25":1,"26":0,"27":3},"f":{"0":3,"1":3,"2":3,"3":0,"4":1,"5":9,"6":1},"b":{},"_coverageSchema":"1a1c01bbd47fc00a2c39e90264f33305004495a9","hash":"89efae44497b2b7abd1a77d863cae97ed63e5211"}
,"/Users/kareem/git/wanderia/server/services/user/models/userPreferences.js": {"path":"/Users/kareem/git/wanderia/server/services/user/models/userPreferences.js","statementMap":{"0":{"start":{"line":1,"column":21},"end":{"line":1,"column":39}},"1":{"start":{"line":2,"column":24},"end":{"line":2,"column":52}},"2":{"start":{"line":3,"column":20},"end":{"line":3,"column":44}},"3":{"start":{"line":18,"column":4},"end":{"line":36,"column":5}},"4":{"start":{"line":19,"column":19},"end":{"line":23,"column":7}},"5":{"start":{"line":24,"column":30},"end":{"line":24,"column":81}},"6":{"start":{"line":25,"column":6},"end":{"line":29,"column":7}},"7":{"start":{"line":26,"column":8},"end":{"line":28,"column":9}},"8":{"start":{"line":30,"column":17},"end":{"line":30,"column":30}},"9":{"start":{"line":31,"column":36},"end":{"line":31,"column":69}},"10":{"start":{"line":32,"column":21},"end":{"line":32,"column":64}},"11":{"start":{"line":33,"column":6},"end":{"line":33,"column":20}},"12":{"start":{"line":35,"column":6},"end":{"line":35,"column":18}},"13":{"start":{"line":40,"column":4},"end":{"line":51,"column":5}},"14":{"start":{"line":41,"column":17},"end":{"line":41,"column":30}},"15":{"start":{"line":42,"column":36},"end":{"line":42,"column":69}},"16":{"start":{"line":43,"column":28},"end":{"line":47,"column":18}},"17":{"start":{"line":48,"column":6},"end":{"line":48,"column":29}},"18":{"start":{"line":50,"column":6},"end":{"line":50,"column":18}},"19":{"start":{"line":55,"column":4},"end":{"line":65,"column":5}},"20":{"start":{"line":56,"column":17},"end":{"line":56,"column":30}},"21":{"start":{"line":57,"column":36},"end":{"line":57,"column":69}},"22":{"start":{"line":58,"column":28},"end":{"line":61,"column":10}},"23":{"start":{"line":62,"column":6},"end":{"line":62,"column":29}},"24":{"start":{"line":64,"column":6},"end":{"line":64,"column":18}},"25":{"start":{"line":69,"column":4},"end":{"line":78,"column":5}},"26":{"start":{"line":70,"column":17},"end":{"line":70,"column":30}},"27":{"start":{"line":71,"column":36},"end":{"line":71,"column":69}},"28":{"start":{"line":72,"column":19},"end":{"line":74,"column":8}},"29":{"start":{"line":75,"column":6},"end":{"line":75,"column":18}},"30":{"start":{"line":77,"column":6},"end":{"line":77,"column":18}},"31":{"start":{"line":82,"column":0},"end":{"line":82,"column":33}}},"fnMap":{"0":{"name":"(anonymous_0)","decl":{"start":{"line":17,"column":2},"end":{"line":17,"column":3}},"loc":{"start":{"line":17,"column":59},"end":{"line":37,"column":3}},"line":17},"1":{"name":"(anonymous_1)","decl":{"start":{"line":39,"column":2},"end":{"line":39,"column":3}},"loc":{"start":{"line":39,"column":50},"end":{"line":52,"column":3}},"line":39},"2":{"name":"(anonymous_2)","decl":{"start":{"line":54,"column":2},"end":{"line":54,"column":3}},"loc":{"start":{"line":54,"column":56},"end":{"line":66,"column":3}},"line":54},"3":{"name":"(anonymous_3)","decl":{"start":{"line":68,"column":2},"end":{"line":68,"column":3}},"loc":{"start":{"line":68,"column":41},"end":{"line":79,"column":3}},"line":68}},"branchMap":{"0":{"loc":{"start":{"line":25,"column":6},"end":{"line":29,"column":7}},"type":"if","locations":[{"start":{"line":25,"column":6},"end":{"line":29,"column":7}},{"start":{},"end":{}}],"line":25}},"s":{"0":3,"1":3,"2":3,"3":2,"4":2,"5":2,"6":2,"7":1,"8":1,"9":1,"10":1,"11":1,"12":1,"13":1,"14":1,"15":1,"16":1,"17":1,"18":0,"19":4,"20":4,"21":4,"22":4,"23":3,"24":1,"25":1,"26":1,"27":1,"28":1,"29":1,"30":0,"31":3},"f":{"0":2,"1":1,"2":4,"3":1},"b":{"0":[1,1]},"_coverageSchema":"1a1c01bbd47fc00a2c39e90264f33305004495a9","hash":"3b527f9d366e1266ea88a024b31dfb23af642947"}
,"/Users/kareem/git/wanderia/server/services/user/models/users.js": {"path":"/Users/kareem/git/wanderia/server/services/user/models/users.js","statementMap":{"0":{"start":{"line":1,"column":21},"end":{"line":1,"column":39}},"1":{"start":{"line":2,"column":24},"end":{"line":2,"column":52}},"2":{"start":{"line":3,"column":23},"end":{"line":3,"column":63}},"3":{"start":{"line":8,"column":8},"end":{"line":15,"column":9}},"4":{"start":{"line":9,"column":23},"end":{"line":9,"column":36}},"5":{"start":{"line":10,"column":35},"end":{"line":10,"column":57}},"6":{"start":{"line":11,"column":27},"end":{"line":11,"column":64}},"7":{"start":{"line":12,"column":12},"end":{"line":12,"column":27}},"8":{"start":{"line":14,"column":12},"end":{"line":14,"column":23}},"9":{"start":{"line":19,"column":8},"end":{"line":30,"column":9}},"10":{"start":{"line":20,"column":25},"end":{"line":23,"column":13}},"11":{"start":{"line":24,"column":23},"end":{"line":24,"column":36}},"12":{"start":{"line":25,"column":35},"end":{"line":25,"column":57}},"13":{"start":{"line":26,"column":27},"end":{"line":26,"column":63}},"14":{"start":{"line":27,"column":12},"end":{"line":27,"column":25}},"15":{"start":{"line":29,"column":12},"end":{"line":29,"column":23}},"16":{"start":{"line":34,"column":8},"end":{"line":49,"column":9}},"17":{"start":{"line":35,"column":25},"end":{"line":38,"column":13}},"18":{"start":{"line":39,"column":23},"end":{"line":39,"column":36}},"19":{"start":{"line":40,"column":35},"end":{"line":40,"column":57}},"20":{"start":{"line":41,"column":27},"end":{"line":45,"column":14}},"21":{"start":{"line":46,"column":12},"end":{"line":46,"column":61}},"22":{"start":{"line":48,"column":12},"end":{"line":48,"column":23}},"23":{"start":{"line":53,"column":8},"end":{"line":62,"column":9}},"24":{"start":{"line":54,"column":23},"end":{"line":54,"column":36}},"25":{"start":{"line":55,"column":35},"end":{"line":55,"column":57}},"26":{"start":{"line":56,"column":25},"end":{"line":58,"column":14}},"27":{"start":{"line":59,"column":12},"end":{"line":59,"column":23}},"28":{"start":{"line":61,"column":12},"end":{"line":61,"column":23}},"29":{"start":{"line":66,"column":8},"end":{"line":75,"column":9}},"30":{"start":{"line":67,"column":23},"end":{"line":67,"column":36}},"31":{"start":{"line":68,"column":35},"end":{"line":68,"column":57}},"32":{"start":{"line":69,"column":25},"end":{"line":71,"column":14}},"33":{"start":{"line":72,"column":12},"end":{"line":72,"column":23}},"34":{"start":{"line":74,"column":12},"end":{"line":74,"column":23}},"35":{"start":{"line":79,"column":8},"end":{"line":88,"column":9}},"36":{"start":{"line":80,"column":23},"end":{"line":80,"column":36}},"37":{"start":{"line":81,"column":35},"end":{"line":81,"column":57}},"38":{"start":{"line":82,"column":25},"end":{"line":84,"column":14}},"39":{"start":{"line":85,"column":12},"end":{"line":85,"column":23}},"40":{"start":{"line":87,"column":12},"end":{"line":87,"column":23}},"41":{"start":{"line":96,"column":0},"end":{"line":96,"column":21}}},"fnMap":{"0":{"name":"(anonymous_0)","decl":{"start":{"line":7,"column":4},"end":{"line":7,"column":5}},"loc":{"start":{"line":7,"column":31},"end":{"line":16,"column":5}},"line":7},"1":{"name":"(anonymous_1)","decl":{"start":{"line":18,"column":4},"end":{"line":18,"column":5}},"loc":{"start":{"line":18,"column":39},"end":{"line":31,"column":5}},"line":18},"2":{"name":"(anonymous_2)","decl":{"start":{"line":33,"column":4},"end":{"line":33,"column":5}},"loc":{"start":{"line":33,"column":43},"end":{"line":50,"column":5}},"line":33},"3":{"name":"(anonymous_3)","decl":{"start":{"line":52,"column":4},"end":{"line":52,"column":5}},"loc":{"start":{"line":52,"column":34},"end":{"line":63,"column":5}},"line":52},"4":{"name":"(anonymous_4)","decl":{"start":{"line":65,"column":4},"end":{"line":65,"column":5}},"loc":{"start":{"line":65,"column":40},"end":{"line":76,"column":5}},"line":65},"5":{"name":"(anonymous_5)","decl":{"start":{"line":78,"column":4},"end":{"line":78,"column":5}},"loc":{"start":{"line":78,"column":32},"end":{"line":89,"column":5}},"line":78}},"branchMap":{},"s":{"0":3,"1":3,"2":3,"3":1,"4":1,"5":1,"6":1,"7":1,"8":0,"9":2,"10":2,"11":2,"12":2,"13":2,"14":1,"15":1,"16":3,"17":3,"18":3,"19":3,"20":3,"21":2,"22":1,"23":35,"24":35,"25":35,"26":35,"27":34,"28":1,"29":6,"30":6,"31":6,"32":6,"33":6,"34":0,"35":1,"36":1,"37":1,"38":1,"39":1,"40":0,"41":3},"f":{"0":1,"1":2,"2":3,"3":35,"4":6,"5":1},"b":{},"_coverageSchema":"1a1c01bbd47fc00a2c39e90264f33305004495a9","hash":"2ae2d5c6b0e2bc070a9047923ca86a24cbc138ae"}
,"/Users/kareem/git/wanderia/server/services/user/routers/index.js": {"path":"/Users/kareem/git/wanderia/server/services/user/routers/index.js","statementMap":{"0":{"start":{"line":1,"column":16},"end":{"line":1,"column":34}},"1":{"start":{"line":2,"column":15},"end":{"line":2,"column":31}},"2":{"start":{"line":3,"column":19},"end":{"line":3,"column":42}},"3":{"start":{"line":4,"column":26},"end":{"line":4,"column":56}},"4":{"start":{"line":5,"column":30},"end":{"line":5,"column":64}},"5":{"start":{"line":6,"column":0},"end":{"line":6,"column":33}},"6":{"start":{"line":7,"column":0},"end":{"line":7,"column":45}},"7":{"start":{"line":8,"column":0},"end":{"line":8,"column":53}},"8":{"start":{"line":9,"column":0},"end":{"line":9,"column":24}}},"fnMap":{},"branchMap":{},"s":{"0":3,"1":3,"2":3,"3":3,"4":3,"5":3,"6":3,"7":3,"8":3},"f":{},"b":{},"_coverageSchema":"1a1c01bbd47fc00a2c39e90264f33305004495a9","hash":"d9badccc881f30316f454bc1f2b624a4dad353ae"}
,"/Users/kareem/git/wanderia/server/services/user/routers/preferencesRouter.js": {"path":"/Users/kareem/git/wanderia/server/services/user/routers/preferencesRouter.js","statementMap":{"0":{"start":{"line":1,"column":16},"end":{"line":1,"column":34}},"1":{"start":{"line":2,"column":15},"end":{"line":2,"column":31}},"2":{"start":{"line":3,"column":19},"end":{"line":3,"column":66}},"3":{"start":{"line":4,"column":27},"end":{"line":4,"column":52}},"4":{"start":{"line":7,"column":0},"end":{"line":7,"column":46}},"5":{"start":{"line":8,"column":0},"end":{"line":8,"column":63}},"6":{"start":{"line":9,"column":0},"end":{"line":9,"column":50}},"7":{"start":{"line":10,"column":0},"end":{"line":10,"column":66}},"8":{"start":{"line":12,"column":0},"end":{"line":12,"column":23}}},"fnMap":{},"branchMap":{},"s":{"0":3,"1":3,"2":3,"3":3,"4":3,"5":3,"6":3,"7":3,"8":3},"f":{},"b":{},"_coverageSchema":"1a1c01bbd47fc00a2c39e90264f33305004495a9","hash":"e38e86babfd37bbf4df2a006ce0fd81e3b0fc245"}
,"/Users/kareem/git/wanderia/server/services/user/routers/userPreferencesRouter.js": {"path":"/Users/kareem/git/wanderia/server/services/user/routers/userPreferencesRouter.js","statementMap":{"0":{"start":{"line":1,"column":16},"end":{"line":1,"column":34}},"1":{"start":{"line":2,"column":15},"end":{"line":2,"column":31}},"2":{"start":{"line":3,"column":19},"end":{"line":3,"column":70}},"3":{"start":{"line":4,"column":27},"end":{"line":4,"column":52}},"4":{"start":{"line":6,"column":0},"end":{"line":6,"column":71}},"5":{"start":{"line":7,"column":0},"end":{"line":7,"column":67}},"6":{"start":{"line":8,"column":0},"end":{"line":8,"column":70}},"7":{"start":{"line":10,"column":0},"end":{"line":10,"column":23}}},"fnMap":{},"branchMap":{},"s":{"0":3,"1":3,"2":3,"3":3,"4":3,"5":3,"6":3,"7":3},"f":{},"b":{},"_coverageSchema":"1a1c01bbd47fc00a2c39e90264f33305004495a9","hash":"edfd542e878bf31f37be1785297128a6e2ebc242"}
,"/Users/kareem/git/wanderia/server/services/user/routers/userRouter.js": {"path":"/Users/kareem/git/wanderia/server/services/user/routers/userRouter.js","statementMap":{"0":{"start":{"line":1,"column":16},"end":{"line":1,"column":34}},"1":{"start":{"line":2,"column":15},"end":{"line":2,"column":31}},"2":{"start":{"line":3,"column":19},"end":{"line":3,"column":59}},"3":{"start":{"line":4,"column":27},"end":{"line":4,"column":52}},"4":{"start":{"line":6,"column":0},"end":{"line":6,"column":55}},"5":{"start":{"line":7,"column":0},"end":{"line":7,"column":41}},"6":{"start":{"line":8,"column":0},"end":{"line":8,"column":43}},"7":{"start":{"line":9,"column":0},"end":{"line":9,"column":59}},"8":{"start":{"line":10,"column":0},"end":{"line":10,"column":63}},"9":{"start":{"line":11,"column":0},"end":{"line":11,"column":78}},"10":{"start":{"line":12,"column":0},"end":{"line":12,"column":60}},"11":{"start":{"line":14,"column":0},"end":{"line":14,"column":23}}},"fnMap":{},"branchMap":{},"s":{"0":3,"1":3,"2":3,"3":3,"4":3,"5":3,"6":3,"7":3,"8":3,"9":3,"10":3,"11":3},"f":{},"b":{},"_coverageSchema":"1a1c01bbd47fc00a2c39e90264f33305004495a9","hash":"28d60ba46f40154bcfdd6ce437fee0db0fa369b5"}
}
