TN:
SF:app.js
FN:18,(anonymous_0)
FN:19,(anonymous_1)
FN:24,(anonymous_2)
FNF:3
FNH:0
FNDA:0,(anonymous_0)
FNDA:0,(anonymous_1)
FNDA:0,(anonymous_2)
DA:1,4
DA:2,4
DA:3,4
DA:4,4
DA:5,4
DA:6,4
DA:7,4
DA:9,4
DA:10,4
DA:11,4
DA:13,4
DA:14,4
DA:16,4
DA:17,0
DA:19,0
DA:20,0
DA:21,0
DA:25,0
DA:29,4
LF:19
LH:14
BRDA:7,0,0,4
BRDA:7,0,1,4
BRDA:16,1,0,0
BRDA:16,1,1,4
BRDA:20,2,0,0
BRDA:20,2,1,0
BRF:6
BRH:3
end_of_record
TN:
SF:config/index.js
FNF:0
FNH:0
DA:1,4
LF:1
LH:1
BRDA:3,0,0,4
BRDA:3,0,1,4
BRDA:4,1,0,4
BRDA:4,1,1,4
BRDA:5,2,0,4
BRDA:5,2,1,4
BRDA:6,3,0,4
BRDA:6,3,1,4
BRDA:7,4,0,4
BRDA:7,4,1,4
BRF:10
BRH:10
end_of_record
TN:
SF:config/mongodb.js
FN:14,runConnection
FN:30,getDatabase
FN:34,getClient
FNF:3
FNH:3
FNDA:3,runConnection
FNDA:72,getDatabase
FNDA:3,getClient
DA:1,4
DA:2,4
DA:4,4
DA:5,4
DA:6,4
DA:15,3
DA:16,3
DA:17,3
DA:18,0
DA:22,3
DA:24,0
DA:25,0
DA:26,0
DA:31,72
DA:35,3
DA:38,4
LF:16
LH:12
BRDA:17,0,0,0
BRDA:17,0,1,3
BRF:2
BRH:1
end_of_record
TN:
SF:controllers/preferencesController.js
FN:4,(anonymous_0)
FN:7,(anonymous_1)
FN:22,(anonymous_2)
FN:47,(anonymous_3)
FN:69,(anonymous_4)
FNF:5
FNH:5
FNDA:3,(anonymous_0)
FNDA:24,(anonymous_1)
FNDA:4,(anonymous_2)
FNDA:3,(anonymous_3)
FNDA:2,(anonymous_4)
DA:1,4
DA:5,3
DA:6,3
DA:7,2
DA:8,24
DA:16,2
DA:18,1
DA:23,4
DA:24,4
DA:25,4
DA:26,1
DA:30,3
DA:34,1
DA:36,1
DA:43,3
DA:48,3
DA:50,3
DA:51,3
DA:52,2
DA:53,1
DA:58,1
DA:63,1
DA:65,2
DA:70,2
DA:71,2
DA:72,2
DA:73,1
DA:74,0
DA:78,1
DA:79,1
DA:82,1
DA:88,4
LF:32
LH:31
BRDA:11,0,0,24
BRDA:11,0,1,2
BRDA:12,1,0,24
BRDA:12,1,1,24
BRDA:25,2,0,1
BRDA:25,2,1,3
BRDA:52,3,0,1
BRDA:52,3,1,1
BRDA:60,4,0,1
BRDA:60,4,1,0
BRDA:61,5,0,1
BRDA:61,5,1,1
BRDA:73,6,0,0
BRDA:73,6,1,1
BRF:14
BRH:12
end_of_record
TN:
SF:controllers/userController.js
FN:7,(anonymous_0)
FN:10,(anonymous_1)
FN:27,(anonymous_2)
FN:59,(anonymous_3)
FN:91,(anonymous_4)
FN:113,(anonymous_5)
FN:147,(anonymous_6)
FN:186,(anonymous_7)
FNF:8
FNH:8
FNDA:1,(anonymous_0)
FNDA:3,(anonymous_1)
FNDA:2,(anonymous_2)
FNDA:8,(anonymous_3)
FNDA:3,(anonymous_4)
FNDA:3,(anonymous_5)
FNDA:4,(anonymous_6)
FNDA:2,(anonymous_7)
DA:1,4
DA:2,4
DA:3,4
DA:4,4
DA:8,1
DA:9,1
DA:10,1
DA:11,3
DA:21,1
DA:23,0
DA:28,2
DA:30,2
DA:31,2
DA:41,1
DA:43,1
DA:55,1
DA:60,8
DA:61,8
DA:62,8
DA:63,1
DA:65,7
DA:66,1
DA:69,6
DA:70,6
DA:71,2
DA:73,4
DA:74,4
DA:75,0
DA:77,4
DA:83,4
DA:85,4
DA:87,4
DA:92,3
DA:93,3
DA:94,3
DA:95,2
DA:96,1
DA:101,1
DA:107,1
DA:109,2
DA:114,3
DA:115,3
DA:116,3
DA:117,3
DA:118,3
DA:119,1
DA:123,2
DA:130,1
DA:141,1
DA:143,2
DA:148,4
DA:149,4
DA:150,4
DA:151,4
DA:152,1
DA:158,3
DA:159,1
DA:164,2
DA:165,2
DA:166,1
DA:170,1
DA:173,1
DA:180,1
DA:182,3
DA:187,2
DA:188,2
DA:189,2
DA:190,2
DA:191,1
DA:195,1
DA:196,1
DA:198,1
DA:203,4
LF:73
LH:71
BRDA:16,0,0,3
BRDA:16,0,1,0
BRDA:17,1,0,3
BRDA:17,1,1,3
BRDA:51,2,0,1
BRDA:51,2,1,0
BRDA:62,3,0,1
BRDA:62,3,1,7
BRDA:65,4,0,1
BRDA:65,4,1,6
BRDA:70,5,0,2
BRDA:70,5,1,4
BRDA:74,6,0,0
BRDA:74,6,1,4
BRDA:81,7,0,4
BRDA:81,7,1,0
BRDA:95,8,0,1
BRDA:95,8,1,1
BRDA:105,9,0,1
BRDA:105,9,1,1
BRDA:118,10,0,1
BRDA:118,10,1,2
BRDA:139,11,0,1
BRDA:139,11,1,0
BRDA:151,12,0,1
BRDA:151,12,1,3
BRDA:158,13,0,1
BRDA:158,13,1,2
BRDA:165,14,0,1
BRDA:165,14,1,1
BRDA:178,15,0,1
BRDA:178,15,1,0
BRDA:190,16,0,1
BRDA:190,16,1,1
BRF:34
BRH:28
end_of_record
TN:
SF:controllers/userPreferencesController.js
FN:23,(anonymous_0)
FN:55,(anonymous_1)
FN:59,(anonymous_2)
FN:78,(anonymous_3)
FNF:4
FNH:4
FNDA:3,(anonymous_0)
FNDA:2,(anonymous_1)
FNDA:1,(anonymous_2)
FNDA:4,(anonymous_3)
DA:1,4
DA:2,4
DA:24,3
DA:25,3
DA:26,3
DA:28,3
DA:29,1
DA:34,2
DA:39,1
DA:43,1
DA:51,2
DA:56,2
DA:57,2
DA:59,1
DA:60,1
DA:61,1
DA:72,1
DA:74,1
DA:79,4
DA:80,4
DA:81,4
DA:84,2
DA:85,1
DA:89,1
DA:90,1
DA:92,3
DA:97,4
LF:27
LH:27
BRDA:28,0,0,1
BRDA:28,0,1,2
BRDA:47,1,0,1
BRDA:47,1,1,0
BRDA:66,2,0,1
BRDA:66,2,1,0
BRDA:67,3,0,1
BRDA:67,3,1,1
BRDA:84,4,0,1
BRDA:84,4,1,1
BRF:10
BRH:8
end_of_record
TN:
SF:helpers/bcrypt.js
FN:3,(anonymous_0)
FN:7,(anonymous_1)
FNF:2
FNH:1
FNDA:0,(anonymous_0)
FNDA:4,(anonymous_1)
DA:1,4
DA:3,4
DA:4,0
DA:7,4
DA:8,4
DA:11,4
LF:6
LH:5
BRF:0
BRH:0
end_of_record
TN:
SF:helpers/jwt.js
FN:5,(anonymous_0)
FN:9,(anonymous_1)
FNF:2
FNH:2
FNDA:4,(anonymous_0)
FNDA:31,(anonymous_1)
DA:1,4
DA:3,4
DA:5,4
DA:6,4
DA:9,4
DA:10,31
DA:13,4
LF:7
LH:7
BRF:0
BRH:0
end_of_record
TN:
SF:middlewares/authentication.js
FN:4,(anonymous_0)
FNF:1
FNH:1
FNDA:31,(anonymous_0)
DA:1,4
DA:2,4
DA:4,4
DA:5,31
DA:6,31
DA:9,31
DA:12,30
DA:14,29
DA:16,28
DA:18,28
DA:21,1
DA:24,3
DA:28,4
LF:13
LH:13
BRDA:14,0,0,28
BRDA:14,0,1,1
BRF:2
BRH:2
end_of_record
TN:
SF:middlewares/errorHandler.js
FN:1,(anonymous_0)
FNF:1
FNH:1
FNDA:29,(anonymous_0)
DA:1,4
DA:3,29
DA:4,29
DA:5,29
DA:8,1
DA:9,1
DA:10,1
DA:13,1
DA:14,1
DA:15,1
DA:17,1
DA:18,1
DA:19,1
DA:21,1
DA:22,1
DA:23,1
DA:25,1
DA:26,1
DA:27,1
DA:29,2
DA:30,2
DA:31,2
DA:33,1
DA:34,1
DA:35,1
DA:37,1
DA:38,1
DA:39,1
DA:41,1
DA:42,1
DA:43,1
DA:45,6
DA:46,6
DA:47,6
DA:49,7
DA:50,7
DA:51,7
DA:53,2
DA:54,2
DA:58,6
DA:61,29
DA:66,29
DA:68,29
DA:71,4
LF:44
LH:44
BRDA:5,0,0,1
BRDA:5,0,1,1
BRDA:5,0,2,1
BRDA:5,0,3,1
BRDA:5,0,4,1
BRDA:5,0,5,2
BRDA:5,0,6,1
BRDA:5,0,7,1
BRDA:5,0,8,1
BRDA:5,0,9,6
BRDA:5,0,10,7
BRDA:5,0,11,2
BRDA:5,0,12,6
BRDA:53,1,0,2
BRDA:53,1,1,0
BRF:15
BRH:14
end_of_record
TN:
SF:middlewares/index.js
FNF:0
FNH:0
DA:1,4
LF:1
LH:1
BRF:0
BRH:0
end_of_record
TN:
SF:models/preferences.js
FN:5,(anonymous_0)
FN:6,(anonymous_1)
FN:13,(anonymous_2)
FN:25,(anonymous_3)
FN:40,(anonymous_4)
FN:54,(anonymous_5)
FNF:6
FNH:6
FNDA:12,(anonymous_0)
FNDA:12,(anonymous_1)
FNDA:3,(anonymous_2)
FNDA:2,(anonymous_3)
FNDA:9,(anonymous_4)
FNDA:1,(anonymous_5)
DA:1,4
DA:2,4
DA:6,12
DA:7,12
DA:8,12
DA:9,12
DA:14,3
DA:15,3
DA:17,2
DA:19,2
DA:21,1
DA:26,2
DA:27,2
DA:31,2
DA:33,1
DA:34,1
DA:36,1
DA:41,9
DA:42,9
DA:44,8
DA:48,7
DA:50,2
DA:55,1
DA:56,1
DA:58,1
DA:61,1
DA:63,0
DA:68,4
LF:28
LH:27
BRF:0
BRH:0
end_of_record
TN:
SF:models/userPreferences.js
FN:6,(anonymous_0)
FN:7,(anonymous_1)
FN:25,(anonymous_2)
FN:49,(anonymous_3)
FN:65,(anonymous_4)
FN:79,(anonymous_5)
FNF:6
FNH:6
FNDA:7,(anonymous_0)
FNDA:7,(anonymous_1)
FNDA:2,(anonymous_2)
FNDA:2,(anonymous_3)
FNDA:5,(anonymous_4)
FNDA:1,(anonymous_5)
DA:1,4
DA:2,4
DA:3,4
DA:7,7
DA:8,7
DA:9,7
DA:10,7
DA:26,2
DA:27,2
DA:32,2
DA:35,2
DA:36,1
DA:41,1
DA:42,1
DA:43,1
DA:45,1
DA:50,2
DA:52,2
DA:54,1
DA:59,1
DA:61,1
DA:66,5
DA:68,5
DA:70,4
DA:73,3
DA:75,2
DA:80,1
DA:82,1
DA:84,1
DA:87,1
DA:89,0
DA:94,4
LF:32
LH:31
BRDA:35,0,0,1
BRDA:35,0,1,1
BRF:2
BRH:2
end_of_record
TN:
SF:models/users.js
FN:5,(anonymous_0)
FN:6,(anonymous_1)
FN:13,(anonymous_2)
FN:25,(anonymous_3)
FN:39,(anonymous_4)
FN:60,(anonymous_5)
FN:72,(anonymous_6)
FN:84,(anonymous_7)
FNF:8
FNH:8
FNDA:53,(anonymous_0)
FNDA:53,(anonymous_1)
FNDA:1,(anonymous_2)
FNDA:2,(anonymous_3)
FNDA:3,(anonymous_4)
FNDA:41,(anonymous_5)
FNDA:6,(anonymous_6)
FNDA:1,(anonymous_7)
DA:1,4
DA:2,4
DA:6,53
DA:7,53
DA:8,53
DA:9,53
DA:14,1
DA:15,1
DA:16,1
DA:17,1
DA:19,0
DA:20,0
DA:21,0
DA:26,2
DA:27,2
DA:31,2
DA:32,2
DA:33,1
DA:35,1
DA:40,3
DA:41,3
DA:45,3
DA:46,3
DA:54,2
DA:56,1
DA:61,41
DA:62,41
DA:63,40
DA:66,39
DA:68,2
DA:73,6
DA:74,6
DA:75,6
DA:78,6
DA:80,0
DA:85,1
DA:86,1
DA:87,1
DA:90,1
DA:92,0
DA:97,4
LF:41
LH:36
BRF:0
BRH:0
end_of_record
TN:
SF:routers/index.js
FNF:0
FNH:0
DA:1,4
DA:2,4
DA:3,4
DA:4,4
DA:5,4
DA:6,4
DA:7,4
DA:8,4
DA:9,4
LF:9
LH:9
BRF:0
BRH:0
end_of_record
TN:
SF:routers/preferencesRouter.js
FNF:0
FNH:0
DA:1,4
DA:2,4
DA:3,4
DA:4,4
DA:7,4
DA:8,4
DA:9,4
DA:10,4
DA:12,4
LF:9
LH:9
BRF:0
BRH:0
end_of_record
TN:
SF:routers/userPreferencesRouter.js
FNF:0
FNH:0
DA:1,4
DA:2,4
DA:3,4
DA:4,4
DA:6,4
DA:7,4
DA:8,4
DA:10,4
LF:8
LH:8
BRF:0
BRH:0
end_of_record
TN:
SF:routers/userRouter.js
FNF:0
FNH:0
DA:1,4
DA:2,4
DA:3,4
DA:4,4
DA:6,4
DA:7,4
DA:8,4
DA:9,4
DA:10,4
DA:11,4
DA:12,4
DA:14,4
LF:12
LH:12
BRF:0
BRH:0
end_of_record
