TN:
SF:app.js
FN:18,(anonymous_0)
FN:19,(anonymous_1)
FN:24,(anonymous_2)
FNF:3
FNH:0
FNDA:0,(anonymous_0)
FNDA:0,(anonymous_1)
FNDA:0,(anonymous_2)
DA:1,3
DA:2,3
DA:3,3
DA:4,3
DA:5,3
DA:6,3
DA:7,3
DA:9,3
DA:10,3
DA:11,3
DA:13,3
DA:14,3
DA:16,3
DA:17,0
DA:19,0
DA:20,0
DA:21,0
DA:25,0
DA:29,3
LF:19
LH:14
BRDA:7,0,0,3
BRDA:7,0,1,3
BRDA:16,1,0,0
BRDA:16,1,1,3
BRDA:20,2,0,0
BRDA:20,2,1,0
BRF:6
BRH:3
end_of_record
TN:
SF:config/index.js
FNF:0
FNH:0
DA:1,3
LF:1
LH:1
BRDA:3,0,0,3
BRDA:3,0,1,3
BRDA:4,1,0,3
BRDA:4,1,1,3
BRDA:5,2,0,3
BRDA:5,2,1,3
BRDA:6,3,0,3
BRDA:6,3,1,3
BRDA:7,4,0,3
BRDA:7,4,1,3
BRF:10
BRH:10
end_of_record
TN:
SF:config/mongodb.js
FN:14,runConnection
FN:30,getDatabase
FN:34,getClient
FNF:3
FNH:3
FNDA:3,runConnection
FNDA:69,getDatabase
FNDA:3,getClient
DA:1,3
DA:2,3
DA:4,3
DA:5,3
DA:6,3
DA:15,3
DA:16,3
DA:17,3
DA:18,0
DA:22,3
DA:24,0
DA:25,0
DA:26,0
DA:31,69
DA:35,3
DA:38,3
LF:16
LH:12
BRDA:17,0,0,0
BRDA:17,0,1,3
BRF:2
BRH:1
end_of_record
TN:
SF:controllers/preferencesController.js
FN:4,(anonymous_0)
FN:7,(anonymous_1)
FN:22,(anonymous_2)
FN:47,(anonymous_3)
FN:69,(anonymous_4)
FNF:5
FNH:5
FNDA:4,(anonymous_0)
FNDA:13,(anonymous_1)
FNDA:2,(anonymous_2)
FNDA:3,(anonymous_3)
FNDA:1,(anonymous_4)
DA:1,3
DA:5,4
DA:6,4
DA:7,3
DA:8,13
DA:16,3
DA:18,1
DA:23,2
DA:24,2
DA:25,2
DA:26,0
DA:30,2
DA:34,1
DA:36,1
DA:43,1
DA:48,3
DA:50,3
DA:51,3
DA:52,2
DA:53,1
DA:58,1
DA:63,1
DA:65,2
DA:70,1
DA:71,1
DA:72,1
DA:73,1
DA:74,0
DA:78,1
DA:79,1
DA:82,0
DA:88,3
LF:32
LH:29
BRDA:11,0,0,13
BRDA:11,0,1,3
BRDA:12,1,0,13
BRDA:12,1,1,13
BRDA:25,2,0,0
BRDA:25,2,1,2
BRDA:52,3,0,1
BRDA:52,3,1,1
BRDA:60,4,0,1
BRDA:60,4,1,0
BRDA:61,5,0,1
BRDA:61,5,1,1
BRDA:73,6,0,0
BRDA:73,6,1,1
BRF:14
BRH:11
end_of_record
TN:
SF:controllers/userController.js
FN:7,(anonymous_0)
FN:10,(anonymous_1)
FN:27,(anonymous_2)
FN:59,(anonymous_3)
FN:91,(anonymous_4)
FN:113,(anonymous_5)
FN:147,(anonymous_6)
FN:186,(anonymous_7)
FNF:8
FNH:8
FNDA:1,(anonymous_0)
FNDA:3,(anonymous_1)
FNDA:2,(anonymous_2)
FNDA:8,(anonymous_3)
FNDA:3,(anonymous_4)
FNDA:3,(anonymous_5)
FNDA:4,(anonymous_6)
FNDA:2,(anonymous_7)
DA:1,3
DA:2,3
DA:3,3
DA:4,3
DA:8,1
DA:9,1
DA:10,1
DA:11,3
DA:21,1
DA:23,0
DA:28,2
DA:30,2
DA:31,2
DA:41,1
DA:43,1
DA:55,1
DA:60,8
DA:61,8
DA:62,8
DA:63,1
DA:65,7
DA:66,1
DA:69,6
DA:70,6
DA:71,2
DA:73,4
DA:74,4
DA:75,0
DA:77,4
DA:83,4
DA:85,4
DA:87,4
DA:92,3
DA:93,3
DA:94,3
DA:95,2
DA:96,1
DA:101,1
DA:107,1
DA:109,2
DA:114,3
DA:115,3
DA:116,3
DA:117,3
DA:118,3
DA:119,1
DA:123,2
DA:130,1
DA:141,1
DA:143,2
DA:148,4
DA:149,4
DA:150,4
DA:151,4
DA:152,1
DA:158,3
DA:159,1
DA:164,2
DA:165,2
DA:166,1
DA:170,1
DA:173,1
DA:180,1
DA:182,3
DA:187,2
DA:188,2
DA:189,2
DA:190,2
DA:191,1
DA:195,1
DA:196,1
DA:198,1
DA:203,3
LF:73
LH:71
BRDA:16,0,0,3
BRDA:16,0,1,0
BRDA:17,1,0,3
BRDA:17,1,1,3
BRDA:51,2,0,1
BRDA:51,2,1,0
BRDA:62,3,0,1
BRDA:62,3,1,7
BRDA:65,4,0,1
BRDA:65,4,1,6
BRDA:70,5,0,2
BRDA:70,5,1,4
BRDA:74,6,0,0
BRDA:74,6,1,4
BRDA:81,7,0,4
BRDA:81,7,1,0
BRDA:95,8,0,1
BRDA:95,8,1,1
BRDA:105,9,0,1
BRDA:105,9,1,1
BRDA:118,10,0,1
BRDA:118,10,1,2
BRDA:139,11,0,1
BRDA:139,11,1,0
BRDA:151,12,0,1
BRDA:151,12,1,3
BRDA:158,13,0,1
BRDA:158,13,1,2
BRDA:165,14,0,1
BRDA:165,14,1,1
BRDA:178,15,0,1
BRDA:178,15,1,0
BRDA:190,16,0,1
BRDA:190,16,1,1
BRF:34
BRH:28
end_of_record
TN:
SF:controllers/userPreferencesController.js
FN:23,(anonymous_0)
FN:55,(anonymous_1)
FN:59,(anonymous_2)
FN:78,(anonymous_3)
FNF:4
FNH:4
FNDA:3,(anonymous_0)
FNDA:1,(anonymous_1)
FNDA:2,(anonymous_2)
FNDA:3,(anonymous_3)
DA:1,3
DA:2,3
DA:24,3
DA:25,3
DA:26,3
DA:28,3
DA:29,1
DA:34,2
DA:39,1
DA:43,1
DA:51,2
DA:56,1
DA:57,1
DA:59,1
DA:60,2
DA:61,2
DA:72,1
DA:74,0
DA:79,3
DA:80,3
DA:81,3
DA:84,2
DA:85,1
DA:89,1
DA:90,1
DA:92,2
DA:97,3
LF:27
LH:26
BRDA:28,0,0,1
BRDA:28,0,1,2
BRDA:47,1,0,1
BRDA:47,1,1,0
BRDA:66,2,0,2
BRDA:66,2,1,0
BRDA:67,3,0,2
BRDA:67,3,1,2
BRDA:84,4,0,1
BRDA:84,4,1,1
BRF:10
BRH:8
end_of_record
TN:
SF:helpers/bcrypt.js
FN:3,(anonymous_0)
FN:7,(anonymous_1)
FNF:2
FNH:1
FNDA:0,(anonymous_0)
FNDA:4,(anonymous_1)
DA:1,3
DA:3,3
DA:4,0
DA:7,3
DA:8,4
DA:11,3
LF:6
LH:5
BRF:0
BRH:0
end_of_record
TN:
SF:helpers/jwt.js
FN:5,(anonymous_0)
FN:9,(anonymous_1)
FNF:2
FNH:2
FNDA:4,(anonymous_0)
FNDA:25,(anonymous_1)
DA:1,3
DA:3,3
DA:5,3
DA:6,4
DA:9,3
DA:10,25
DA:13,3
LF:7
LH:7
BRF:0
BRH:0
end_of_record
TN:
SF:middlewares/authentication.js
FN:4,(anonymous_0)
FNF:1
FNH:1
FNDA:25,(anonymous_0)
DA:1,3
DA:2,3
DA:4,3
DA:5,25
DA:6,25
DA:9,25
DA:12,24
DA:14,24
DA:16,23
DA:18,23
DA:21,1
DA:24,2
DA:28,3
LF:13
LH:13
BRDA:14,0,0,23
BRDA:14,0,1,1
BRF:2
BRH:2
end_of_record
TN:
SF:middlewares/errorHandler.js
FN:1,(anonymous_0)
FNF:1
FNH:1
FNDA:23,(anonymous_0)
DA:1,3
DA:3,23
DA:4,23
DA:5,23
DA:8,1
DA:9,1
DA:10,1
DA:13,1
DA:14,1
DA:15,1
DA:17,0
DA:18,0
DA:19,0
DA:21,1
DA:22,1
DA:23,1
DA:25,1
DA:26,1
DA:27,1
DA:29,2
DA:30,2
DA:31,2
DA:33,1
DA:34,1
DA:35,1
DA:37,1
DA:38,1
DA:39,1
DA:41,1
DA:42,1
DA:43,1
DA:45,2
DA:46,2
DA:47,2
DA:49,7
DA:50,7
DA:51,7
DA:53,2
DA:54,2
DA:58,5
DA:61,23
DA:66,23
DA:68,23
DA:71,3
LF:44
LH:41
BRDA:5,0,0,1
BRDA:5,0,1,1
BRDA:5,0,2,0
BRDA:5,0,3,1
BRDA:5,0,4,1
BRDA:5,0,5,2
BRDA:5,0,6,1
BRDA:5,0,7,1
BRDA:5,0,8,1
BRDA:5,0,9,2
BRDA:5,0,10,7
BRDA:5,0,11,2
BRDA:5,0,12,5
BRDA:53,1,0,2
BRDA:53,1,1,0
BRF:15
BRH:13
end_of_record
TN:
SF:middlewares/index.js
FNF:0
FNH:0
DA:1,3
LF:1
LH:1
BRF:0
BRH:0
end_of_record
TN:
SF:models/preferences.js
FN:6,(anonymous_0)
FN:7,(anonymous_1)
FN:11,(anonymous_2)
FN:14,(anonymous_3)
FN:28,(anonymous_4)
FN:43,(anonymous_5)
FN:56,(anonymous_6)
FNF:7
FNH:6
FNDA:3,(anonymous_0)
FNDA:3,(anonymous_1)
FNDA:3,(anonymous_2)
FNDA:0,(anonymous_3)
FNDA:1,(anonymous_4)
FNDA:9,(anonymous_5)
FNDA:1,(anonymous_6)
DA:1,3
DA:2,3
DA:7,3
DA:8,3
DA:9,3
DA:10,3
DA:12,3
DA:15,0
DA:29,1
DA:30,1
DA:34,1
DA:35,1
DA:36,1
DA:37,1
DA:39,0
DA:44,9
DA:45,9
DA:46,9
DA:47,9
DA:50,8
DA:52,1
DA:57,1
DA:58,1
DA:59,1
DA:60,1
DA:63,1
DA:65,0
DA:74,3
LF:28
LH:25
BRF:0
BRH:0
end_of_record
TN:
SF:models/userPreferences.js
FN:17,(anonymous_0)
FN:39,(anonymous_1)
FN:54,(anonymous_2)
FN:68,(anonymous_3)
FNF:4
FNH:4
FNDA:2,(anonymous_0)
FNDA:1,(anonymous_1)
FNDA:4,(anonymous_2)
FNDA:1,(anonymous_3)
DA:1,3
DA:2,3
DA:3,3
DA:18,2
DA:19,2
DA:24,2
DA:25,2
DA:26,1
DA:30,1
DA:31,1
DA:32,1
DA:33,1
DA:35,1
DA:40,1
DA:41,1
DA:42,1
DA:43,1
DA:48,1
DA:50,0
DA:55,4
DA:56,4
DA:57,4
DA:58,4
DA:62,3
DA:64,1
DA:69,1
DA:70,1
DA:71,1
DA:72,1
DA:75,1
DA:77,0
DA:82,3
LF:32
LH:30
BRDA:25,0,0,1
BRDA:25,0,1,1
BRF:2
BRH:2
end_of_record
TN:
SF:models/users.js
FN:7,(anonymous_0)
FN:18,(anonymous_1)
FN:33,(anonymous_2)
FN:52,(anonymous_3)
FN:65,(anonymous_4)
FN:78,(anonymous_5)
FNF:6
FNH:6
FNDA:1,(anonymous_0)
FNDA:2,(anonymous_1)
FNDA:3,(anonymous_2)
FNDA:35,(anonymous_3)
FNDA:6,(anonymous_4)
FNDA:1,(anonymous_5)
DA:1,3
DA:2,3
DA:3,3
DA:8,1
DA:9,1
DA:10,1
DA:11,1
DA:12,1
DA:14,0
DA:19,2
DA:20,2
DA:24,2
DA:25,2
DA:26,2
DA:27,1
DA:29,1
DA:34,3
DA:35,3
DA:39,3
DA:40,3
DA:41,3
DA:46,2
DA:48,1
DA:53,35
DA:54,35
DA:55,35
DA:56,35
DA:59,34
DA:61,1
DA:66,6
DA:67,6
DA:68,6
DA:69,6
DA:72,6
DA:74,0
DA:79,1
DA:80,1
DA:81,1
DA:82,1
DA:85,1
DA:87,0
DA:96,3
LF:42
LH:39
BRF:0
BRH:0
end_of_record
TN:
SF:routers/index.js
FNF:0
FNH:0
DA:1,3
DA:2,3
DA:3,3
DA:4,3
DA:5,3
DA:6,3
DA:7,3
DA:8,3
DA:9,3
LF:9
LH:9
BRF:0
BRH:0
end_of_record
TN:
SF:routers/preferencesRouter.js
FNF:0
FNH:0
DA:1,3
DA:2,3
DA:3,3
DA:4,3
DA:7,3
DA:8,3
DA:9,3
DA:10,3
DA:12,3
LF:9
LH:9
BRF:0
BRH:0
end_of_record
TN:
SF:routers/userPreferencesRouter.js
FNF:0
FNH:0
DA:1,3
DA:2,3
DA:3,3
DA:4,3
DA:6,3
DA:7,3
DA:8,3
DA:10,3
LF:8
LH:8
BRF:0
BRH:0
end_of_record
TN:
SF:routers/userRouter.js
FNF:0
FNH:0
DA:1,3
DA:2,3
DA:3,3
DA:4,3
DA:6,3
DA:7,3
DA:8,3
DA:9,3
DA:10,3
DA:11,3
DA:12,3
DA:14,3
LF:12
LH:12
BRF:0
BRH:0
end_of_record
